write	Set up job	﻿2025-11-04T22:57:00.6471431Z Current runner version: '2.329.0'
write	Set up job	2025-11-04T22:57:00.6504155Z ##[group]Runner Image Provisioner
write	Set up job	2025-11-04T22:57:00.6505262Z Hosted Compute Agent
write	Set up job	2025-11-04T22:57:00.6506257Z Version: 20251016.436
write	Set up job	2025-11-04T22:57:00.6507229Z Commit: 8ab8ac8bfd662a3739dab9fe09456aba92132568
write	Set up job	2025-11-04T22:57:00.6508260Z Build Date: 2025-10-15T20:44:12Z
write	Set up job	2025-11-04T22:57:00.6509622Z ##[endgroup]
write	Set up job	2025-11-04T22:57:00.6510470Z ##[group]Operating System
write	Set up job	2025-11-04T22:57:00.6511330Z Ubuntu
write	Set up job	2025-11-04T22:57:00.6512090Z 24.04.3
write	Set up job	2025-11-04T22:57:00.6512897Z LTS
write	Set up job	2025-11-04T22:57:00.6513570Z ##[endgroup]
write	Set up job	2025-11-04T22:57:00.6514377Z ##[group]Runner Image
write	Set up job	2025-11-04T22:57:00.6515310Z Image: ubuntu-24.04
write	Set up job	2025-11-04T22:57:00.6516102Z Version: 20251030.96.2
write	Set up job	2025-11-04T22:57:00.6517828Z Included Software: https://github.com/actions/runner-images/blob/ubuntu24/20251030.96/images/ubuntu/Ubuntu2404-Readme.md
write	Set up job	2025-11-04T22:57:00.6520392Z Image Release: https://github.com/actions/runner-images/releases/tag/ubuntu24%2F20251030.96
write	Set up job	2025-11-04T22:57:00.6522312Z ##[endgroup]
write	Set up job	2025-11-04T22:57:00.6523913Z ##[group]GITHUB_TOKEN Permissions
write	Set up job	2025-11-04T22:57:00.6526395Z Contents: read
write	Set up job	2025-11-04T22:57:00.6527248Z Metadata: read
write	Set up job	2025-11-04T22:57:00.6527989Z ##[endgroup]
write	Set up job	2025-11-04T22:57:00.6531045Z Secret source: Actions
write	Set up job	2025-11-04T22:57:00.6532101Z Prepare workflow directory
write	Set up job	2025-11-04T22:57:00.7078770Z Prepare all required actions
write	Set up job	2025-11-04T22:57:00.7162263Z Complete job name: write
write	Write object via OIDC + AWS CLI (raw pwsh)	﻿2025-11-04T22:57:01.2444161Z ##[group]Run # exact literal required:
write	Write object via OIDC + AWS CLI (raw pwsh)	2025-11-04T22:57:01.2445166Z [36;1m# exact literal required:[0m
write	Write object via OIDC + AWS CLI (raw pwsh)	2025-11-04T22:57:01.2445844Z [36;1m$aud = "sts.amazonaws.com"[0m
write	Write object via OIDC + AWS CLI (raw pwsh)	2025-11-04T22:57:01.2446832Z [36;1m$url  = "$env:ACTIONS_ID_TOKEN_REQUEST_URL&audience=$([uri]::EscapeDataString($aud))"[0m
write	Write object via OIDC + AWS CLI (raw pwsh)	2025-11-04T22:57:01.2447788Z [36;1m$jwt  = $env:ACTIONS_ID_TOKEN_REQUEST_TOKEN[0m
write	Write object via OIDC + AWS CLI (raw pwsh)	2025-11-04T22:57:01.2449057Z [36;1m$idtk = (Invoke-RestMethod -Method Get -Headers @{ Authorization = "bearer $jwt" } -Uri $url).value[0m
write	Write object via OIDC + AWS CLI (raw pwsh)	2025-11-04T22:57:01.2451228Z [36;1m$assume = aws sts assume-role-with-web-identity --role-arn $env:AWS_ROLE_ARN --role-session-name "gha-$([Environment]::GetEnvironmentVariable('GITHUB_RUN_ID'))" --web-identity-token $idtk --duration-seconds 900 | ConvertFrom-Json[0m
write	Write object via OIDC + AWS CLI (raw pwsh)	2025-11-04T22:57:01.2452977Z [36;1m$c = $assume.Credentials[0m
write	Write object via OIDC + AWS CLI (raw pwsh)	2025-11-04T22:57:01.2453718Z [36;1maws configure set aws_access_key_id     $c.AccessKeyId[0m
write	Write object via OIDC + AWS CLI (raw pwsh)	2025-11-04T22:57:01.2454587Z [36;1maws configure set aws_secret_access_key $c.SecretAccessKey[0m
write	Write object via OIDC + AWS CLI (raw pwsh)	2025-11-04T22:57:01.2455657Z [36;1maws configure set aws_session_token     $c.SessionToken[0m
write	Write object via OIDC + AWS CLI (raw pwsh)	2025-11-04T22:57:01.2456510Z [36;1maws configure set region $env:AWS_REGION[0m
write	Write object via OIDC + AWS CLI (raw pwsh)	2025-11-04T22:57:01.2457544Z [36;1m$key = "synthetic/rawpwsh_$([Environment]::GetEnvironmentVariable('GITHUB_RUN_ID')).txt"[0m
write	Write object via OIDC + AWS CLI (raw pwsh)	2025-11-04T22:57:01.2459219Z [36;1m"run=$([Environment]::GetEnvironmentVariable('GITHUB_RUN_ID')) ts=$(Get-Date -Format o)" | Out-File "$env:RUNNER_TEMP/p.txt" -Encoding utf8[0m
write	Write object via OIDC + AWS CLI (raw pwsh)	2025-11-04T22:57:01.2460782Z [36;1maws s3 cp "$env:RUNNER_TEMP/p.txt" "s3://$env:S3_BUCKET/$key" --sse aws:kms --sse-kms-key-id $env:KMS_KEY_ARN[0m
write	Write object via OIDC + AWS CLI (raw pwsh)	2025-11-04T22:57:01.2461977Z [36;1mWrite-Host "WROTE s3://$env:S3_BUCKET/$key"[0m
write	Write object via OIDC + AWS CLI (raw pwsh)	2025-11-04T22:57:01.3389525Z shell: /usr/bin/pwsh -command ". '{0}'"
write	Write object via OIDC + AWS CLI (raw pwsh)	2025-11-04T22:57:01.3391214Z env:
write	Write object via OIDC + AWS CLI (raw pwsh)	2025-11-04T22:57:01.3391791Z   AWS_REGION: us-east-1
write	Write object via OIDC + AWS CLI (raw pwsh)	2025-11-04T22:57:01.3392526Z   AWS_ROLE_ARN: arn:aws:iam::354630286254:role/GitHubOIDC_LifebookSite
write	Write object via OIDC + AWS CLI (raw pwsh)	2025-11-04T22:57:01.3393460Z   S3_BUCKET: lifebook.ai
write	Write object via OIDC + AWS CLI (raw pwsh)	2025-11-04T22:57:01.3394300Z   KMS_KEY_ARN: arn:aws:kms:us-east-1:354630286254:key/583a1a4c-efbc-486d-8025-66577c04116a
write	Write object via OIDC + AWS CLI (raw pwsh)	2025-11-04T22:57:01.3395190Z ##[endgroup]
write	Write object via OIDC + AWS CLI (raw pwsh)	2025-11-04T22:57:12.3580663Z upload failed: ../../_temp/p.txt to s3://lifebook.ai/synthetic/rawpwsh_19085359956.txt An error occurred (AccessDenied) when calling the PutObject operation: User: arn:aws:sts::354630286254:assumed-role/GitHubOIDC_LifebookSite/gha-19085359956 is not authorized to perform: s3:PutObject on resource: "arn:aws:s3:::lifebook.ai/synthetic/rawpwsh_19085359956.txt" with an explicit deny in a resource-based policy
write	Write object via OIDC + AWS CLI (raw pwsh)	2025-11-04T22:57:12.4420455Z Completed 53 Bytes/53 Bytes (654 Bytes/s) with 1 file(s) remaining
write	Write object via OIDC + AWS CLI (raw pwsh)	2025-11-04T22:57:12.4421289Z WROTE s3://lifebook.ai/synthetic/rawpwsh_19085359956.txt
write	Write object via OIDC + AWS CLI (raw pwsh)	2025-11-04T22:57:12.6684462Z ##[error]Process completed with exit code 1.
write	Complete job	﻿2025-11-04T22:57:12.6797710Z Cleaning up orphan processes
