write	Set up job	﻿2025-11-04T23:08:51.7977286Z Current runner version: '2.329.0'
write	Set up job	2025-11-04T23:08:51.8003200Z ##[group]Runner Image Provisioner
write	Set up job	2025-11-04T23:08:51.8004070Z Hosted Compute Agent
write	Set up job	2025-11-04T23:08:51.8004723Z Version: 20251016.436
write	Set up job	2025-11-04T23:08:51.8005457Z Commit: 8ab8ac8bfd662a3739dab9fe09456aba92132568
write	Set up job	2025-11-04T23:08:51.8006136Z Build Date: 2025-10-15T20:44:12Z
write	Set up job	2025-11-04T23:08:51.8006783Z ##[endgroup]
write	Set up job	2025-11-04T23:08:51.8007362Z ##[group]Operating System
write	Set up job	2025-11-04T23:08:51.8007892Z Ubuntu
write	Set up job	2025-11-04T23:08:51.8008439Z 24.04.3
write	Set up job	2025-11-04T23:08:51.8008876Z LTS
write	Set up job	2025-11-04T23:08:51.8009423Z ##[endgroup]
write	Set up job	2025-11-04T23:08:51.8009927Z ##[group]Runner Image
write	Set up job	2025-11-04T23:08:51.8010543Z Image: ubuntu-24.04
write	Set up job	2025-11-04T23:08:51.8011058Z Version: 20251030.96.2
write	Set up job	2025-11-04T23:08:51.8012068Z Included Software: https://github.com/actions/runner-images/blob/ubuntu24/20251030.96/images/ubuntu/Ubuntu2404-Readme.md
write	Set up job	2025-11-04T23:08:51.8013453Z Image Release: https://github.com/actions/runner-images/releases/tag/ubuntu24%2F20251030.96
write	Set up job	2025-11-04T23:08:51.8014664Z ##[endgroup]
write	Set up job	2025-11-04T23:08:51.8015884Z ##[group]GITHUB_TOKEN Permissions
write	Set up job	2025-11-04T23:08:51.8017863Z Contents: read
write	Set up job	2025-11-04T23:08:51.8018425Z Metadata: read
write	Set up job	2025-11-04T23:08:51.8018989Z ##[endgroup]
write	Set up job	2025-11-04T23:08:51.8021156Z Secret source: Actions
write	Set up job	2025-11-04T23:08:51.8022026Z Prepare workflow directory
write	Set up job	2025-11-04T23:08:51.8438947Z Prepare all required actions
write	Set up job	2025-11-04T23:08:51.8525728Z Complete job name: write
write	Write object via OIDC + AWS CLI (raw pwsh)	﻿2025-11-04T23:08:52.5938425Z ##[group]Run # exact literal required:
write	Write object via OIDC + AWS CLI (raw pwsh)	2025-11-04T23:08:52.5939237Z [36;1m# exact literal required:[0m
write	Write object via OIDC + AWS CLI (raw pwsh)	2025-11-04T23:08:52.5939945Z [36;1m$aud = "sts.amazonaws.com"[0m
write	Write object via OIDC + AWS CLI (raw pwsh)	2025-11-04T23:08:52.5940826Z [36;1m$url  = "$env:ACTIONS_ID_TOKEN_REQUEST_URL&audience=$([uri]::EscapeDataString($aud))"[0m
write	Write object via OIDC + AWS CLI (raw pwsh)	2025-11-04T23:08:52.5941721Z [36;1m$jwt  = $env:ACTIONS_ID_TOKEN_REQUEST_TOKEN[0m
write	Write object via OIDC + AWS CLI (raw pwsh)	2025-11-04T23:08:52.5942780Z [36;1m$idtk = (Invoke-RestMethod -Method Get -Headers @{ Authorization = "bearer $jwt" } -Uri $url).value[0m
write	Write object via OIDC + AWS CLI (raw pwsh)	2025-11-04T23:08:52.5944791Z [36;1m$assume = aws sts assume-role-with-web-identity --role-arn $env:AWS_ROLE_ARN --role-session-name "gha-$([Environment]::GetEnvironmentVariable('GITHUB_RUN_ID'))" --web-identity-token $idtk --duration-seconds 900 | ConvertFrom-Json[0m
write	Write object via OIDC + AWS CLI (raw pwsh)	2025-11-04T23:08:52.5946697Z [36;1m$c = $assume.Credentials[0m
write	Write object via OIDC + AWS CLI (raw pwsh)	2025-11-04T23:08:52.5947499Z [36;1maws configure set aws_access_key_id     $c.AccessKeyId[0m
write	Write object via OIDC + AWS CLI (raw pwsh)	2025-11-04T23:08:52.5948363Z [36;1maws configure set aws_secret_access_key $c.SecretAccessKey[0m
write	Write object via OIDC + AWS CLI (raw pwsh)	2025-11-04T23:08:52.5949335Z [36;1maws configure set aws_session_token     $c.SessionToken[0m
write	Write object via OIDC + AWS CLI (raw pwsh)	2025-11-04T23:08:52.5950153Z [36;1maws configure set region $env:AWS_REGION[0m
write	Write object via OIDC + AWS CLI (raw pwsh)	2025-11-04T23:08:52.5951034Z [36;1m$key = "synthetic/rawpwsh_$([Environment]::GetEnvironmentVariable('GITHUB_RUN_ID')).txt"[0m
write	Write object via OIDC + AWS CLI (raw pwsh)	2025-11-04T23:08:52.5952481Z [36;1m"run=$([Environment]::GetEnvironmentVariable('GITHUB_RUN_ID')) ts=$(Get-Date -Format o)" | Out-File "$env:RUNNER_TEMP/p.txt" -Encoding utf8[0m
write	Write object via OIDC + AWS CLI (raw pwsh)	2025-11-04T23:08:52.5953933Z [36;1maws s3 cp "$env:RUNNER_TEMP/p.txt" "s3://$env:S3_BUCKET/$key" --sse aws:kms --sse-kms-key-id $env:KMS_KEY_ARN[0m
write	Write object via OIDC + AWS CLI (raw pwsh)	2025-11-04T23:08:52.5955054Z [36;1mWrite-Host "WROTE s3://$env:S3_BUCKET/$key"[0m
write	Write object via OIDC + AWS CLI (raw pwsh)	2025-11-04T23:08:52.7493525Z shell: /usr/bin/pwsh -command ". '{0}'"
write	Write object via OIDC + AWS CLI (raw pwsh)	2025-11-04T23:08:52.7495249Z env:
write	Write object via OIDC + AWS CLI (raw pwsh)	2025-11-04T23:08:52.7495843Z   AWS_REGION: us-east-1
write	Write object via OIDC + AWS CLI (raw pwsh)	2025-11-04T23:08:52.7496591Z   AWS_ROLE_ARN: arn:aws:iam::354630286254:role/GitHubOIDC_LifebookSite
write	Write object via OIDC + AWS CLI (raw pwsh)	2025-11-04T23:08:52.7497619Z   S3_BUCKET: lifebook.ai
write	Write object via OIDC + AWS CLI (raw pwsh)	2025-11-04T23:08:52.7498428Z   KMS_KEY_ARN: arn:aws:kms:us-east-1:354630286254:key/583a1a4c-efbc-486d-8025-66577c04116a
write	Write object via OIDC + AWS CLI (raw pwsh)	2025-11-04T23:08:52.7499318Z ##[endgroup]
write	Write object via OIDC + AWS CLI (raw pwsh)	2025-11-04T23:09:07.5233245Z upload failed: ../../_temp/p.txt to s3://lifebook.ai/synthetic/rawpwsh_19085627216.txt An error occurred (AccessDenied) when calling the PutObject operation: User: arn:aws:sts::354630286254:assumed-role/GitHubOIDC_LifebookSite/gha-19085627216 is not authorized to perform: s3:PutObject on resource: "arn:aws:s3:::lifebook.ai/synthetic/rawpwsh_19085627216.txt" with an explicit deny in a resource-based policy
write	Write object via OIDC + AWS CLI (raw pwsh)	2025-11-04T23:09:07.6441105Z Completed 53 Bytes/53 Bytes (169 Bytes/s) with 1 file(s) remaining
write	Write object via OIDC + AWS CLI (raw pwsh)	2025-11-04T23:09:07.6442287Z WROTE s3://lifebook.ai/synthetic/rawpwsh_19085627216.txt
write	Write object via OIDC + AWS CLI (raw pwsh)	2025-11-04T23:09:07.8682277Z ##[error]Process completed with exit code 1.
write	Complete job	﻿2025-11-04T23:09:07.8798421Z Cleaning up orphan processes
