write	Set up job	﻿2025-11-04T22:54:28.7376104Z Current runner version: '2.329.0'
write	Set up job	2025-11-04T22:54:28.7413037Z ##[group]Runner Image Provisioner
write	Set up job	2025-11-04T22:54:28.7414360Z Hosted Compute Agent
write	Set up job	2025-11-04T22:54:28.7415388Z Version: 20251016.436
write	Set up job	2025-11-04T22:54:28.7416408Z Commit: 8ab8ac8bfd662a3739dab9fe09456aba92132568
write	Set up job	2025-11-04T22:54:28.7417777Z Build Date: 2025-10-15T20:44:12Z
write	Set up job	2025-11-04T22:54:28.7418798Z ##[endgroup]
write	Set up job	2025-11-04T22:54:28.7419688Z ##[group]Operating System
write	Set up job	2025-11-04T22:54:28.7420798Z Ubuntu
write	Set up job	2025-11-04T22:54:28.7421577Z 24.04.3
write	Set up job	2025-11-04T22:54:28.7422588Z LTS
write	Set up job	2025-11-04T22:54:28.7423409Z ##[endgroup]
write	Set up job	2025-11-04T22:54:28.7424315Z ##[group]Runner Image
write	Set up job	2025-11-04T22:54:28.7425216Z Image: ubuntu-24.04
write	Set up job	2025-11-04T22:54:28.7426325Z Version: 20251030.96.2
write	Set up job	2025-11-04T22:54:28.7428188Z Included Software: https://github.com/actions/runner-images/blob/ubuntu24/20251030.96/images/ubuntu/Ubuntu2404-Readme.md
write	Set up job	2025-11-04T22:54:28.7430635Z Image Release: https://github.com/actions/runner-images/releases/tag/ubuntu24%2F20251030.96
write	Set up job	2025-11-04T22:54:28.7433054Z ##[endgroup]
write	Set up job	2025-11-04T22:54:28.7434836Z ##[group]GITHUB_TOKEN Permissions
write	Set up job	2025-11-04T22:54:28.7437865Z Contents: read
write	Set up job	2025-11-04T22:54:28.7438827Z Metadata: read
write	Set up job	2025-11-04T22:54:28.7439581Z ##[endgroup]
write	Set up job	2025-11-04T22:54:28.7442697Z Secret source: Actions
write	Set up job	2025-11-04T22:54:28.7443749Z Prepare workflow directory
write	Set up job	2025-11-04T22:54:28.8019748Z Prepare all required actions
write	Set up job	2025-11-04T22:54:28.8098143Z Complete job name: write
write	Write object via OIDC + AWS CLI (raw pwsh)	﻿2025-11-04T22:54:29.3241359Z ##[group]Run # exact literal required:
write	Write object via OIDC + AWS CLI (raw pwsh)	2025-11-04T22:54:29.3242576Z [36;1m# exact literal required:[0m
write	Write object via OIDC + AWS CLI (raw pwsh)	2025-11-04T22:54:29.3243229Z [36;1m$aud = "sts.amazonaws.com"[0m
write	Write object via OIDC + AWS CLI (raw pwsh)	2025-11-04T22:54:29.3244232Z [36;1m$url  = "$env:ACTIONS_ID_TOKEN_REQUEST_URL&audience=$([uri]::EscapeDataString($aud))"[0m
write	Write object via OIDC + AWS CLI (raw pwsh)	2025-11-04T22:54:29.3245217Z [36;1m$jwt  = $env:ACTIONS_ID_TOKEN_REQUEST_TOKEN[0m
write	Write object via OIDC + AWS CLI (raw pwsh)	2025-11-04T22:54:29.3246325Z [36;1m$idtk = (Invoke-RestMethod -Method Get -Headers @{ Authorization = "bearer $jwt" } -Uri $url).value[0m
write	Write object via OIDC + AWS CLI (raw pwsh)	2025-11-04T22:54:29.3248473Z [36;1m$assume = aws sts assume-role-with-web-identity --role-arn $env:AWS_ROLE_ARN --role-session-name "gha-$([Environment]::GetEnvironmentVariable('GITHUB_RUN_ID'))" --web-identity-token $idtk --duration-seconds 900 | ConvertFrom-Json[0m
write	Write object via OIDC + AWS CLI (raw pwsh)	2025-11-04T22:54:29.3250251Z [36;1m$c = $assume.Credentials[0m
write	Write object via OIDC + AWS CLI (raw pwsh)	2025-11-04T22:54:29.3250998Z [36;1maws configure set aws_access_key_id     $c.AccessKeyId[0m
write	Write object via OIDC + AWS CLI (raw pwsh)	2025-11-04T22:54:29.3251875Z [36;1maws configure set aws_secret_access_key $c.SecretAccessKey[0m
write	Write object via OIDC + AWS CLI (raw pwsh)	2025-11-04T22:54:29.3253128Z [36;1maws configure set aws_session_token     $c.SessionToken[0m
write	Write object via OIDC + AWS CLI (raw pwsh)	2025-11-04T22:54:29.3253968Z [36;1maws configure set region $env:AWS_REGION[0m
write	Write object via OIDC + AWS CLI (raw pwsh)	2025-11-04T22:54:29.3255010Z [36;1m$key = "synthetic/rawpwsh_$([Environment]::GetEnvironmentVariable('GITHUB_RUN_ID')).txt"[0m
write	Write object via OIDC + AWS CLI (raw pwsh)	2025-11-04T22:54:29.3256531Z [36;1m"run=$([Environment]::GetEnvironmentVariable('GITHUB_RUN_ID')) ts=$(Get-Date -Format o)" | Out-File "$env:RUNNER_TEMP/p.txt" -Encoding utf8[0m
write	Write object via OIDC + AWS CLI (raw pwsh)	2025-11-04T22:54:29.3258056Z [36;1maws s3 cp "$env:RUNNER_TEMP/p.txt" "s3://$env:S3_BUCKET/$key" --sse aws:kms --sse-kms-key-id $env:KMS_KEY_ARN[0m
write	Write object via OIDC + AWS CLI (raw pwsh)	2025-11-04T22:54:29.3259223Z [36;1mWrite-Host "WROTE s3://$env:S3_BUCKET/$key"[0m
write	Write object via OIDC + AWS CLI (raw pwsh)	2025-11-04T22:54:29.3481897Z shell: /usr/bin/pwsh -command ". '{0}'"
write	Write object via OIDC + AWS CLI (raw pwsh)	2025-11-04T22:54:29.3483408Z env:
write	Write object via OIDC + AWS CLI (raw pwsh)	2025-11-04T22:54:29.3484021Z   AWS_REGION: us-east-1
write	Write object via OIDC + AWS CLI (raw pwsh)	2025-11-04T22:54:29.3484724Z   AWS_ROLE_ARN: arn:aws:iam::354630286254:role/GitHubOIDC_LifebookSite
write	Write object via OIDC + AWS CLI (raw pwsh)	2025-11-04T22:54:29.3485625Z   S3_BUCKET: lifebook.ai
write	Write object via OIDC + AWS CLI (raw pwsh)	2025-11-04T22:54:29.3486462Z   KMS_KEY_ARN: arn:aws:kms:us-east-1:354630286254:key/583a1a4c-efbc-486d-8025-66577c04116a
write	Write object via OIDC + AWS CLI (raw pwsh)	2025-11-04T22:54:29.3487331Z ##[endgroup]
write	Write object via OIDC + AWS CLI (raw pwsh)	2025-11-04T22:54:39.8333863Z upload failed: ../../_temp/p.txt to s3://lifebook.ai/synthetic/rawpwsh_19085307598.txt An error occurred (AccessDenied) when calling the PutObject operation: User: arn:aws:sts::354630286254:assumed-role/GitHubOIDC_LifebookSite/gha-19085307598 is not authorized to perform: s3:PutObject on resource: "arn:aws:s3:::lifebook.ai/synthetic/rawpwsh_19085307598.txt" with an explicit deny in a resource-based policy
write	Write object via OIDC + AWS CLI (raw pwsh)	2025-11-04T22:54:39.9146981Z Completed 53 Bytes/53 Bytes (466 Bytes/s) with 1 file(s) remaining
write	Write object via OIDC + AWS CLI (raw pwsh)	2025-11-04T22:54:39.9147695Z WROTE s3://lifebook.ai/synthetic/rawpwsh_19085307598.txt
write	Write object via OIDC + AWS CLI (raw pwsh)	2025-11-04T22:54:40.1576491Z ##[error]Process completed with exit code 1.
write	Complete job	﻿2025-11-04T22:54:40.1683693Z Cleaning up orphan processes
